<?xml version="1.0" encoding="UTF-8"?>
<!-- Generated by org.testng.reporters.JUnitXMLReporter -->
<testsuite hostname="DESKTOP-M6L880B" ignored="1" name="Test" tests="1" failures="1" timestamp="03 九月 2017 14:47:46 GMT" time="77.661" errors="0">
  <testcase name="addAddress" time="37.463" classname="com.zzkg.cases.address.AddAddress">
    <failure type="java.lang.AssertionError" message="expected [true] but found [false]">
      <![CDATA[java.lang.AssertionError: expected [true] but found [false]
	at com.zzkg.cases.address.AddAddress.addAddress(AddAddress.java:41)
... Removed 29 stack frames]]>
    </failure>
  </testcase> <!-- addAddress -->
  <testcase name="checkAddressPhone" time="0.0" classname="com.zzkg.cases.address.AddAddress">
    <ignored/>
  </testcase> <!-- checkAddressPhone -->
</testsuite> <!-- Test -->
