<?xml version="1.0" encoding="UTF-8"?>
<!-- Generated by org.testng.reporters.JUnitXMLReporter -->
<testsuite hostname="DESKTOP-M6L880B" ignored="1" name="uitest" tests="2" failures="2" timestamp="03 九月 2017 15:04:56 GMT" time="119.005" errors="0">
  <testcase name="addAddress" time="35.72" classname="com.zzkg.cases.address.AddAddress">
    <failure type="java.lang.AssertionError" message="expected [true] but found [false]">
      <![CDATA[java.lang.AssertionError: expected [true] but found [false]
	at com.zzkg.cases.address.AddAddress.addAddress(AddAddress.java:41)
... Removed 29 stack frames]]>
    </failure>
  </testcase> <!-- addAddress -->
  <testcase name="addAddress" time="33.526" classname="com.zzkg.cases.address.AddAddress">
    <failure type="java.lang.AssertionError" message="expected [true] but found [false]">
      <![CDATA[java.lang.AssertionError: expected [true] but found [false]
	at com.zzkg.cases.address.AddAddress.addAddress(AddAddress.java:41)
... Removed 29 stack frames]]>
    </failure>
  </testcase> <!-- addAddress -->
  <testcase name="checkAddressPhone" time="0.0" classname="com.zzkg.cases.address.AddAddress">
    <ignored/>
  </testcase> <!-- checkAddressPhone -->
</testsuite> <!-- uitest -->
